# JRE version: Java(TM) SE Runtime Environment (7.0_79-b15) (build 1.7.0_79-b15)
# Java VM: Java HotSpot(TM) 64-Bit Server VM (24.79-b02 mixed mode bsd-amd64 compressed oops)
Heap
 PSYoungGen      total 289792K, used 201987K [0x00000007eaa80000, 0x00000007ff980000, 0x0000000800000000)
  eden space 264192K, 76% used [0x00000007eaa80000,0x00000007f6fc0c00,0x00000007fac80000)
  from space 25600K, 0% used [0x00000007fac80000,0x00000007fac80000,0x00000007fc580000)
  to   space 36352K, 0% used [0x00000007fd600000,0x00000007fd600000,0x00000007ff980000)
 ParOldGen       total 87040K, used 51378K [0x00000007c0000000, 0x00000007c5500000, 0x00000007eaa80000)
  object space 87040K, 59% used [0x00000007c0000000,0x00000007c322ca48,0x00000007c5500000)
 PSPermGen       total 104960K, used 53642K [0x00000007b0000000, 0x00000007b6680000, 0x00000007c0000000)
  object space 104960K, 51% used [0x00000007b0000000,0x00000007b3462ab8,0x00000007b6680000)
GC Heap History (10 events):
Event: 5.301 GC heap before
{Heap before GC invocations=6 (full 0):
 PSYoungGen      total 72704K, used 72692K [0x00000007eaa80000, 0x00000007f4880000, 0x0000000800000000)
  eden space 67584K, 100% used [0x00000007eaa80000,0x00000007eec80000,0x00000007eec80000)
  from space 5120K, 99% used [0x00000007eec80000,0x00000007ef17d030,0x00000007ef180000)
  to   space 13312K, 0% used [0x00000007f3b80000,0x00000007f3b80000,0x00000007f4880000)
 ParOldGen       total 87040K, used 12918K [0x00000007c0000000, 0x00000007c5500000, 0x00000007eaa80000)
  object space 87040K, 14% used [0x00000007c0000000,0x00000007c0c9d958,0x00000007c5500000)
 PSPermGen       total 27136K, used 26855K [0x00000007b0000000, 0x00000007b1a80000, 0x00000007c0000000)
  object space 27136K, 98% used [0x00000007b0000000,0x00000007b1a39dd8,0x00000007b1a80000)
Event: 5.319 GC heap after
Heap after GC invocations=6 (full 0):
 PSYoungGen      total 148480K, used 9320K [0x00000007eaa80000, 0x00000007f4880000, 0x0000000800000000)
  eden space 135168K, 0% used [0x00000007eaa80000,0x00000007eaa80000,0x00000007f2e80000)
  from space 13312K, 70% used [0x00000007f3b80000,0x00000007f449a1e0,0x00000007f4880000)
  to   space 13312K, 0% used [0x00000007f2e80000,0x00000007f2e80000,0x00000007f3b80000)
 ParOldGen       total 87040K, used 12926K [0x00000007c0000000, 0x00000007c5500000, 0x00000007eaa80000)
  object space 87040K, 14% used [0x00000007c0000000,0x00000007c0c9f958,0x00000007c5500000)
 PSPermGen       total 27136K, used 26855K [0x00000007b0000000, 0x00000007b1a80000, 0x00000007c0000000)
  object space 27136K, 98% used [0x00000007b0000000,0x00000007b1a39dd8,0x00000007b1a80000)
}
Event: 7.152 GC heap before
{Heap before GC invocations=7 (full 0):
 PSYoungGen      total 148480K, used 144488K [0x00000007eaa80000, 0x00000007f4880000, 0x0000000800000000)
  eden space 135168K, 100% used [0x00000007eaa80000,0x00000007f2e80000,0x00000007f2e80000)
  from space 13312K, 70% used [0x00000007f3b80000,0x00000007f449a1e0,0x00000007f4880000)
  to   space 13312K, 0% used [0x00000007f2e80000,0x00000007f2e80000,0x00000007f3b80000)
 ParOldGen       total 87040K, used 12926K [0x00000007c0000000, 0x00000007c5500000, 0x00000007eaa80000)
  object space 87040K, 14% used [0x00000007c0000000,0x00000007c0c9f958,0x00000007c5500000)
 PSPermGen       total 34816K, used 34397K [0x00000007b0000000, 0x00000007b2200000, 0x00000007c0000000)
  object space 34816K, 98% used [0x00000007b0000000,0x00000007b2197758,0x00000007b2200000)
Event: 7.189 GC heap after
Heap after GC invocations=7 (full 0):
 PSYoungGen      total 148480K, used 13295K [0x00000007eaa80000, 0x00000007fd880000, 0x0000000800000000)
  eden space 135168K, 0% used [0x00000007eaa80000,0x00000007eaa80000,0x00000007f2e80000)
  from space 13312K, 99% used [0x00000007f2e80000,0x00000007f3b7bdf8,0x00000007f3b80000)
  to   space 19456K, 0% used [0x00000007fc580000,0x00000007fc580000,0x00000007fd880000)
 ParOldGen       total 87040K, used 20557K [0x00000007c0000000, 0x00000007c5500000, 0x00000007eaa80000)
  object space 87040K, 23% used [0x00000007c0000000,0x00000007c1413470,0x00000007c5500000)
 PSPermGen       total 34816K, used 34397K [0x00000007b0000000, 0x00000007b2200000, 0x00000007c0000000)
  object space 34816K, 98% used [0x00000007b0000000,0x00000007b2197758,0x00000007b2200000)
}
Event: 10.855 GC heap before
{Heap before GC invocations=8 (full 0):
 PSYoungGen      total 148480K, used 148463K [0x00000007eaa80000, 0x00000007fd880000, 0x0000000800000000)
  eden space 135168K, 100% used [0x00000007eaa80000,0x00000007f2e80000,0x00000007f2e80000)
  from space 13312K, 99% used [0x00000007f2e80000,0x00000007f3b7bdf8,0x00000007f3b80000)
  to   space 19456K, 0% used [0x00000007fc580000,0x00000007fc580000,0x00000007fd880000)
 ParOldGen       total 87040K, used 20557K [0x00000007c0000000, 0x00000007c5500000, 0x00000007eaa80000)
  object space 87040K, 23% used [0x00000007c0000000,0x00000007c1413470,0x00000007c5500000)
 PSPermGen       total 42496K, used 42026K [0x00000007b0000000, 0x00000007b2980000, 0x00000007c0000000)
  object space 42496K, 98% used [0x00000007b0000000,0x00000007b290ab60,0x00000007b2980000)
Event: 10.896 GC heap after
Heap after GC invocations=8 (full 0):
 PSYoungGen      total 283648K, used 19440K [0x00000007eaa80000, 0x00000007fe480000, 0x0000000800000000)
  eden space 264192K, 0% used [0x00000007eaa80000,0x00000007eaa80000,0x00000007fac80000)
  from space 19456K, 99% used [0x00000007fc580000,0x00000007fd87c248,0x00000007fd880000)
  to   space 25600K, 0% used [0x00000007fac80000,0x00000007fac80000,0x00000007fc580000)
 ParOldGen       total 87040K, used 28223K [0x00000007c0000000, 0x00000007c5500000, 0x00000007eaa80000)
  object space 87040K, 32% used [0x00000007c0000000,0x00000007c1b8ff18,0x00000007c5500000)
 PSPermGen       total 42496K, used 42026K [0x00000007b0000000, 0x00000007b2980000, 0x00000007c0000000)
  object space 42496K, 98% used [0x00000007b0000000,0x00000007b290ab60,0x00000007b2980000)
}
Event: 17.478 GC heap before
{Heap before GC invocations=9 (full 0):
 PSYoungGen      total 283648K, used 269990K [0x00000007eaa80000, 0x00000007fe480000, 0x0000000800000000)
  eden space 264192K, 94% used [0x00000007eaa80000,0x00000007f9f2d780,0x00000007fac80000)
  from space 19456K, 99% used [0x00000007fc580000,0x00000007fd87c248,0x00000007fd880000)
  to   space 25600K, 0% used [0x00000007fac80000,0x00000007fac80000,0x00000007fc580000)
 ParOldGen       total 87040K, used 28223K [0x00000007c0000000, 0x00000007c5500000, 0x00000007eaa80000)
  object space 87040K, 32% used [0x00000007c0000000,0x00000007c1b8ff18,0x00000007c5500000)
 PSPermGen       total 52736K, used 52648K [0x00000007b0000000, 0x00000007b3380000, 0x00000007c0000000)
  object space 52736K, 99% used [0x00000007b0000000,0x00000007b336a000,0x00000007b3380000)
Event: 17.540 GC heap after
Heap after GC invocations=9 (full 0):
 PSYoungGen      total 289792K, used 25585K [0x00000007eaa80000, 0x00000007ff980000, 0x0000000800000000)
  eden space 264192K, 0% used [0x00000007eaa80000,0x00000007eaa80000,0x00000007fac80000)
  from space 25600K, 99% used [0x00000007fac80000,0x00000007fc57c770,0x00000007fc580000)
  to   space 36352K, 0% used [0x00000007fd600000,0x00000007fd600000,0x00000007ff980000)
 ParOldGen       total 87040K, used 44371K [0x00000007c0000000, 0x00000007c5500000, 0x00000007eaa80000)
  object space 87040K, 50% used [0x00000007c0000000,0x00000007c2b54c00,0x00000007c5500000)
 PSPermGen       total 52736K, used 52648K [0x00000007b0000000, 0x00000007b3380000, 0x00000007c0000000)
  object space 52736K, 99% used [0x00000007b0000000,0x00000007b336a000,0x00000007b3380000)
}
Event: 17.540 GC heap before
{Heap before GC invocations=10 (full 1):
 PSYoungGen      total 289792K, used 25585K [0x00000007eaa80000, 0x00000007ff980000, 0x0000000800000000)
  eden space 264192K, 0% used [0x00000007eaa80000,0x00000007eaa80000,0x00000007fac80000)
  from space 25600K, 99% used [0x00000007fac80000,0x00000007fc57c770,0x00000007fc580000)
  to   space 36352K, 0% used [0x00000007fd600000,0x00000007fd600000,0x00000007ff980000)
 ParOldGen       total 87040K, used 44371K [0x00000007c0000000, 0x00000007c5500000, 0x00000007eaa80000)
  object space 87040K, 50% used [0x00000007c0000000,0x00000007c2b54c00,0x00000007c5500000)
 PSPermGen       total 52736K, used 52648K [0x00000007b0000000, 0x00000007b3380000, 0x00000007c0000000)
  object space 52736K, 99% used [0x00000007b0000000,0x00000007b336a000,0x00000007b3380000)
Event: 17.962 GC heap after
Heap after GC invocations=10 (full 1):
 PSYoungGen      total 289792K, used 0K [0x00000007eaa80000, 0x00000007ff980000, 0x0000000800000000)
  eden space 264192K, 0% used [0x00000007eaa80000,0x00000007eaa80000,0x00000007fac80000)
  from space 25600K, 0% used [0x00000007fac80000,0x00000007fac80000,0x00000007fc580000)
  to   space 36352K, 0% used [0x00000007fd600000,0x00000007fd600000,0x00000007ff980000)
 ParOldGen       total 87040K, used 51378K [0x00000007c0000000, 0x00000007c5500000, 0x00000007eaa80000)
  object space 87040K, 59% used [0x00000007c0000000,0x00000007c322ca48,0x00000007c5500000)
 PSPermGen       total 104960K, used 52159K [0x00000007b0000000, 0x00000007b6680000, 0x00000007c0000000)
  object space 104960K, 49% used [0x00000007b0000000,0x00000007b32efc58,0x00000007b6680000)
}

