# JRE version: Java(TM) SE Runtime Environment (7.0_79-b15) (build 1.7.0_79-b15)
# Java VM: Java HotSpot(TM) 64-Bit Server VM (24.79-b02 mixed mode bsd-amd64 compressed oops)
Heap
 PSYoungGen      total 310272K, used 93385K [0x00000007eaa80000, 0x0000000800000000, 0x0000000800000000)
  eden space 274944K, 29% used [0x00000007eaa80000,0x00000007ef9d4790,0x00000007fb700000)
  from space 35328K, 34% used [0x00000007fd800000,0x00000007fe3ddea0,0x00000007ffa80000)
  to   space 33792K, 0% used [0x00000007fb700000,0x00000007fb700000,0x00000007fd800000)
 ParOldGen       total 116736K, used 38467K [0x00000007c0000000, 0x00000007c7200000, 0x00000007eaa80000)
  object space 116736K, 32% used [0x00000007c0000000,0x00000007c2590c30,0x00000007c7200000)
 PSPermGen       total 97280K, used 63151K [0x00000007b0000000, 0x00000007b5f00000, 0x00000007c0000000)
  object space 97280K, 64% used [0x00000007b0000000,0x00000007b3dabef0,0x00000007b5f00000)
GC Heap History (10 events):
Event: 1750.508 GC heap before
{Heap before GC invocations=45 (full 8):
 PSYoungGen      total 305664K, used 301834K [0x00000007eaa80000, 0x0000000800000000, 0x0000000800000000)
  eden space 271872K, 100% used [0x00000007eaa80000,0x00000007fb400000,0x00000007fb400000)
  from space 33792K, 88% used [0x00000007fdc80000,0x00000007ff9c29c0,0x00000007ffd80000)
  to   space 38912K, 0% used [0x00000007fb400000,0x00000007fb400000,0x00000007fda00000)
 ParOldGen       total 116736K, used 38515K [0x00000007c0000000, 0x00000007c7200000, 0x00000007eaa80000)
  object space 116736K, 32% used [0x00000007c0000000,0x00000007c259ce60,0x00000007c7200000)
 PSPermGen       total 101888K, used 63018K [0x00000007b0000000, 0x00000007b6380000, 0x00000007c0000000)
  object space 101888K, 61% used [0x00000007b0000000,0x00000007b3d8aab8,0x00000007b6380000)
Event: 1750.578 GC heap after
Heap after GC invocations=45 (full 8):
 PSYoungGen      total 310784K, used 5968K [0x00000007eaa80000, 0x0000000800000000, 0x0000000800000000)
  eden space 271872K, 0% used [0x00000007eaa80000,0x00000007eaa80000,0x00000007fb400000)
  from space 38912K, 15% used [0x00000007fb400000,0x00000007fb9d4010,0x00000007fda00000)
  to   space 37376K, 0% used [0x00000007fdb80000,0x00000007fdb80000,0x0000000800000000)
 ParOldGen       total 116736K, used 60362K [0x00000007c0000000, 0x00000007c7200000, 0x00000007eaa80000)
  object space 116736K, 51% used [0x00000007c0000000,0x00000007c3af2ad8,0x00000007c7200000)
 PSPermGen       total 101888K, used 63018K [0x00000007b0000000, 0x00000007b6380000, 0x00000007c0000000)
  object space 101888K, 61% used [0x00000007b0000000,0x00000007b3d8aab8,0x00000007b6380000)
}
Event: 1751.510 GC heap before
{Heap before GC invocations=46 (full 8):
 PSYoungGen      total 310784K, used 277840K [0x00000007eaa80000, 0x0000000800000000, 0x0000000800000000)
  eden space 271872K, 100% used [0x00000007eaa80000,0x00000007fb400000,0x00000007fb400000)
  from space 38912K, 15% used [0x00000007fb400000,0x00000007fb9d4010,0x00000007fda00000)
  to   space 37376K, 0% used [0x00000007fdb80000,0x00000007fdb80000,0x0000000800000000)
 ParOldGen       total 116736K, used 60362K [0x00000007c0000000, 0x00000007c7200000, 0x00000007eaa80000)
  object space 116736K, 51% used [0x00000007c0000000,0x00000007c3af2ad8,0x00000007c7200000)
 PSPermGen       total 101888K, used 63021K [0x00000007b0000000, 0x00000007b6380000, 0x00000007c0000000)
  object space 101888K, 61% used [0x00000007b0000000,0x00000007b3d8b600,0x00000007b6380000)
Event: 1751.522 GC heap after
Heap after GC invocations=46 (full 8):
 PSYoungGen      total 307200K, used 2096K [0x00000007eaa80000, 0x00000007ffc80000, 0x0000000800000000)
  eden space 273408K, 0% used [0x00000007eaa80000,0x00000007eaa80000,0x00000007fb580000)
  from space 33792K, 6% used [0x00000007fdb80000,0x00000007fdd8c010,0x00000007ffc80000)
  to   space 36352K, 0% used [0x00000007fb580000,0x00000007fb580000,0x00000007fd900000)
 ParOldGen       total 116736K, used 65858K [0x00000007c0000000, 0x00000007c7200000, 0x00000007eaa80000)
  object space 116736K, 56% used [0x00000007c0000000,0x00000007c4050ad8,0x00000007c7200000)
 PSPermGen       total 101888K, used 63021K [0x00000007b0000000, 0x00000007b6380000, 0x00000007c0000000)
  object space 101888K, 61% used [0x00000007b0000000,0x00000007b3d8b600,0x00000007b6380000)
}
Event: 1758.978 GC heap before
{Heap before GC invocations=47 (full 8):
 PSYoungGen      total 307200K, used 82356K [0x00000007eaa80000, 0x00000007ffc80000, 0x0000000800000000)
  eden space 273408K, 29% used [0x00000007eaa80000,0x00000007ef8e1050,0x00000007fb580000)
  from space 33792K, 6% used [0x00000007fdb80000,0x00000007fdd8c010,0x00000007ffc80000)
  to   space 36352K, 0% used [0x00000007fb580000,0x00000007fb580000,0x00000007fd900000)
 ParOldGen       total 116736K, used 65858K [0x00000007c0000000, 0x00000007c7200000, 0x00000007eaa80000)
  object space 116736K, 56% used [0x00000007c0000000,0x00000007c4050ad8,0x00000007c7200000)
 PSPermGen       total 101888K, used 63022K [0x00000007b0000000, 0x00000007b6380000, 0x00000007c0000000)
  object space 101888K, 61% used [0x00000007b0000000,0x00000007b3d8b898,0x00000007b6380000)
Event: 1758.984 GC heap after
Heap after GC invocations=47 (full 8):
 PSYoungGen      total 274432K, used 864K [0x00000007eaa80000, 0x00000007ffa80000, 0x0000000800000000)
  eden space 273408K, 0% used [0x00000007eaa80000,0x00000007eaa80000,0x00000007fb580000)
  from space 1024K, 84% used [0x00000007fb580000,0x00000007fb658000,0x00000007fb680000)
  to   space 35328K, 0% used [0x00000007fd800000,0x00000007fd800000,0x00000007ffa80000)
 ParOldGen       total 116736K, used 67463K [0x00000007c0000000, 0x00000007c7200000, 0x00000007eaa80000)
  object space 116736K, 57% used [0x00000007c0000000,0x00000007c41e1f38,0x00000007c7200000)
 PSPermGen       total 101888K, used 63022K [0x00000007b0000000, 0x00000007b6380000, 0x00000007c0000000)
  object space 101888K, 61% used [0x00000007b0000000,0x00000007b3d8b898,0x00000007b6380000)
}
Event: 1758.984 GC heap before
{Heap before GC invocations=48 (full 9):
 PSYoungGen      total 274432K, used 864K [0x00000007eaa80000, 0x00000007ffa80000, 0x0000000800000000)
  eden space 273408K, 0% used [0x00000007eaa80000,0x00000007eaa80000,0x00000007fb580000)
  from space 1024K, 84% used [0x00000007fb580000,0x00000007fb658000,0x00000007fb680000)
  to   space 35328K, 0% used [0x00000007fd800000,0x00000007fd800000,0x00000007ffa80000)
 ParOldGen       total 116736K, used 67463K [0x00000007c0000000, 0x00000007c7200000, 0x00000007eaa80000)
  object space 116736K, 57% used [0x00000007c0000000,0x00000007c41e1f38,0x00000007c7200000)
 PSPermGen       total 101888K, used 63022K [0x00000007b0000000, 0x00000007b6380000, 0x00000007c0000000)
  object space 101888K, 61% used [0x00000007b0000000,0x00000007b3d8b898,0x00000007b6380000)
Event: 1759.232 GC heap after
Heap after GC invocations=48 (full 9):
 PSYoungGen      total 274432K, used 0K [0x00000007eaa80000, 0x00000007ffa80000, 0x0000000800000000)
  eden space 273408K, 0% used [0x00000007eaa80000,0x00000007eaa80000,0x00000007fb580000)
  from space 1024K, 0% used [0x00000007fb580000,0x00000007fb580000,0x00000007fb680000)
  to   space 35328K, 0% used [0x00000007fd800000,0x00000007fd800000,0x00000007ffa80000)
 ParOldGen       total 116736K, used 38467K [0x00000007c0000000, 0x00000007c7200000, 0x00000007eaa80000)
  object space 116736K, 32% used [0x00000007c0000000,0x00000007c2590c30,0x00000007c7200000)
 PSPermGen       total 97280K, used 62562K [0x00000007b0000000, 0x00000007b5f00000, 0x00000007c0000000)
  object space 97280K, 64% used [0x00000007b0000000,0x00000007b3d189e0,0x00000007b5f00000)
}
Event: 1879.179 GC heap before
{Heap before GC invocations=49 (full 9):
 PSYoungGen      total 274432K, used 273408K [0x00000007eaa80000, 0x00000007ffa80000, 0x0000000800000000)
  eden space 273408K, 100% used [0x00000007eaa80000,0x00000007fb580000,0x00000007fb580000)
  from space 1024K, 0% used [0x00000007fb580000,0x00000007fb580000,0x00000007fb680000)
  to   space 35328K, 0% used [0x00000007fd800000,0x00000007fd800000,0x00000007ffa80000)
 ParOldGen       total 116736K, used 38467K [0x00000007c0000000, 0x00000007c7200000, 0x00000007eaa80000)
  object space 116736K, 32% used [0x00000007c0000000,0x00000007c2590c30,0x00000007c7200000)
 PSPermGen       total 97280K, used 63128K [0x00000007b0000000, 0x00000007b5f00000, 0x00000007c0000000)
  object space 97280K, 64% used [0x00000007b0000000,0x00000007b3da60a0,0x00000007b5f00000)
Event: 1879.188 GC heap after
Heap after GC invocations=49 (full 9):
 PSYoungGen      total 310272K, used 12151K [0x00000007eaa80000, 0x0000000800000000, 0x0000000800000000)
  eden space 274944K, 0% used [0x00000007eaa80000,0x00000007eaa80000,0x00000007fb700000)
  from space 35328K, 34% used [0x00000007fd800000,0x00000007fe3ddea0,0x00000007ffa80000)
  to   space 33792K, 0% used [0x00000007fb700000,0x00000007fb700000,0x00000007fd800000)
 ParOldGen       total 116736K, used 38467K [0x00000007c0000000, 0x00000007c7200000, 0x00000007eaa80000)
  object space 116736K, 32% used [0x00000007c0000000,0x00000007c2590c30,0x00000007c7200000)
 PSPermGen       total 97280K, used 63128K [0x00000007b0000000, 0x00000007b5f00000, 0x00000007c0000000)
  object space 97280K, 64% used [0x00000007b0000000,0x00000007b3da60a0,0x00000007b5f00000)
}

